// 重构日志: 257545a5
// 重构日志: b1a46edf
// 重构日志: 79ec7c65
// 重构日志: f51eba52
// 同步 ID: ba668477 @ Fri Jul  3 08:45:58 UTC 2026
// 重构日志: 9b077d62
// 重构日志: fb2c01e3
// 同步 ID: 417bff24 @ Sat Jul  4 22:51:18 UTC 2026
// 同步 ID: 4b32e949 @ Sun Jul  5 12:53:23 UTC 2026
// 重构日志: 1a7fd8bd
// 同步 ID: a8640a6b @ Mon Jul  6 05:46:37 UTC 2026
// 同步 ID: ddc42d6a @ Mon Jul  6 11:28:15 UTC 2026
// 同步 ID: 48b2aa95 @ Mon Jul  6 23:39:39 UTC 2026
// 重构日志: 843bf015
// 重构日志: 9c2ac02b
// 同步 ID: be5d5f72 @ Thu Jul  9 09:39:59 UTC 2026
// 同步 ID: 9fd8a850 @ Thu Jul  9 13:12:23 UTC 2026
// 同步 ID: e0d0d207 @ Thu Jul  9 15:42:29 UTC 2026
// 重构日志: 3a8fc58b
// 重构日志: e4186be4
// 重构日志: 40c6d9d7
// 同步 ID: 7e625369 @ Sun Jul 12 04:51:33 UTC 2026
// 重构日志: 8a6a5832
// 重构日志: 7d4827ed
// 重构日志: 9947411f
// 重构日志: 512e9540
// 重构日志: 1dec635f
// 重构日志: 62b46f69
// 重构日志: 616d824d
// 同步 ID: d8b81ab7 @ Wed Jul 15 13:08:43 UTC 2026
// 重构日志: fd97b852
